jh5138
*   8247eed 10th commit (5th on master).
|\  
| *   062ecef 9th commit (2nd on testing4).
| |\  
| | * c44f417 4th commit (1st on testing2).
| * | 0b8c678 7th commit (1st on testing4).
* | |   2bd1672 8th commit (4th on master).
|\ \ \  
| |/ /  
|/| |   
| * | e6477eb 5th commit (1st on testing3).
* | |   ecb8908 6th commit (3nd on master).
|\ \ \  
| |/ /  
| | /   
| |/    
|/|     
| * e0c61b2 2nd commit (1st on testing).
* | 2d81c3f 3rd commit (2nd on master).
|/  
* 83241e4 1st on master (1st on master).
